[ 2026-03-19 08:02:23,065 ] 35 root - INFO - Data Ingestion method starts
[ 2026-03-19 08:02:23,068 ] 38 root - INFO - Dataset read as pandas dataframe
[ 2026-03-19 08:02:23,073 ] 43 root - INFO - Train test split initiated
[ 2026-03-19 08:02:23,080 ] 49 root - INFO - Ingestion of the data is completed
[ 2026-03-19 08:02:23,084 ] 81 root - INFO - Read train and test data completed
[ 2026-03-19 08:02:23,084 ] 82 root - INFO - Obtaining preprocessor object
[ 2026-03-19 08:02:23,085 ] 59 root - INFO - Categorical columns encoding completed
[ 2026-03-19 08:02:23,085 ] 60 root - INFO - Numerical columns scaling completed
[ 2026-03-19 08:02:23,090 ] 68 root - INFO - Preprocessor object created successfully
[ 2026-03-19 08:02:23,091 ] 93 root - INFO - Applying preprocessor object on training and testing dataframe
[ 2026-03-19 08:02:23,114 ] 101 root - INFO - Saved preprocessor object
[ 2026-03-19 08:02:23,118 ] 34 root - INFO - Splitting training and test input data
[ 2026-03-19 08:02:23,118 ] 59 root - INFO - Training model: Random Forest
[ 2026-03-19 08:02:23,407 ] 64 root - INFO - Random Forest R2 score: 0.8488
[ 2026-03-19 08:02:23,407 ] 59 root - INFO - Training model: Decision Tree
[ 2026-03-19 08:02:23,412 ] 64 root - INFO - Decision Tree R2 score: 0.7473
[ 2026-03-19 08:02:23,412 ] 59 root - INFO - Training model: Gradient Boosting
[ 2026-03-19 08:02:23,512 ] 64 root - INFO - Gradient Boosting R2 score: 0.8722
[ 2026-03-19 08:02:23,512 ] 59 root - INFO - Training model: Linear Regression
[ 2026-03-19 08:02:23,515 ] 64 root - INFO - Linear Regression R2 score: 0.8804
[ 2026-03-19 08:02:23,516 ] 59 root - INFO - Training model: XGBoost
[ 2026-03-19 08:02:23,732 ] 64 root - INFO - XGBoost R2 score: 0.8231
[ 2026-03-19 08:02:23,732 ] 59 root - INFO - Training model: CatBoost
[ 2026-03-19 08:02:24,774 ] 64 root - INFO - CatBoost R2 score: 0.8511
[ 2026-03-19 08:02:24,775 ] 59 root - INFO - Training model: AdaBoost
[ 2026-03-19 08:02:24,872 ] 64 root - INFO - AdaBoost R2 score: 0.8534
[ 2026-03-19 08:02:24,872 ] 59 root - INFO - Training model: KNeighbors
[ 2026-03-19 08:02:26,677 ] 64 root - INFO - KNeighbors R2 score: 0.4756
[ 2026-03-19 08:02:26,677 ] 74 root - INFO - Best model found: Linear Regression with R2 score 0.8804
[ 2026-03-19 08:02:26,679 ] 81 root - INFO - Best model saved at artifacts\model.pkl
